{"name": "Тест: переход по клику на кнопки «Конструктор» и «Лента заказов»", "status": "failed", "statusDetails": {"message": "AssertionError: assert 'Лента заказов' == 'Соберите бургер'\n  \n  - Соберите бургер\n  + Лента заказов", "trace": "self = <tests.test_main_page.TestMain object at 0x000002E1E40AB5D0>\ndriver = <selenium.webdriver.firefox.webdriver.WebDriver (session=\"f14fca0d-f21d-4b07-9f33-d614bf644660\")>\nurl = 'https://stellarburgers.nomoreparties.site/feed'\nbutton = ('xpath', './/p[text()=\"Конструктор\"]/parent::a')\nheader = 'Соберите бургер'\n\n    @allure.title('Тест: переход по клику на кнопки «Конструктор» и «Лента заказов»')\n    @pytest.mark.parametrize('url, button, header', [\n        [URLS.ORDER_FEED, LocatorsMain.CONSTRUCTOR_BUTTON, \"Соберите бургер\"],\n        [URLS.HOMEPAGE, LocatorsMain.ORDER_FEED_BUTTON, \"Лента заказов\"]])\n    def test_click_buttons_in_top(self, driver, url, button, header):\n        main_page = MainPage(driver)\n        main_page.go_to_page(url)\n        main_page.click_visible_element(button)\n    \n        header_text = main_page.get_text_element(LocatorsMain.HEADER)\n>       assert header_text == header\nE       AssertionError: assert 'Лента заказов' == 'Соберите бургер'\nE         \nE         - Соберите бургер\nE         + Лента заказов\n\ntests\\test_main_page.py:20: AssertionError"}, "attachments": [{"name": "log", "source": "439f253e-417c-4af4-aaaf-508b4a927c49-attachment.txt", "type": "text/plain"}], "parameters": [{"name": "driver", "value": "'firefox'"}, {"name": "url", "value": "'https://stellarburgers.nomoreparties.site/feed'"}, {"name": "button", "value": "('xpath', './/p[text()=\"Конструктор\"]/parent::a')"}, {"name": "header", "value": "'Соберите бургер'"}], "start": 1712536439459, "stop": 1712536439850, "uuid": "40689725-029d-4f5f-9375-963cb3fd4dbc", "historyId": "ec7bbd3f310277cb90c70552beb4950b", "testCaseId": "4df4aea468215945f326d62a5a04e353", "fullName": "tests.test_main_page.TestMain#test_click_buttons_in_top", "labels": [{"name": "parentSuite", "value": "tests"}, {"name": "suite", "value": "test_main_page"}, {"name": "subSuite", "value": "TestMain"}, {"name": "host", "value": "DESKTOP-75C2Q8T"}, {"name": "thread", "value": "36832-MainThread"}, {"name": "framework", "value": "pytest"}, {"name": "language", "value": "cpython3"}, {"name": "package", "value": "tests.test_main_page"}]}